<?xml version="1.0" encoding="utf-8"?><testsuites name="pytest tests"><testsuite name="pytest" errors="0" failures="0" skipped="0" tests="25" time="28.781" timestamp="2026-05-17T14:20:28.641241+00:00" hostname="agent-env-88f3b21b-89ce-4ca1-b6ab-1d201a3ce845"><testcase classname="backend.tests.backend_test.TestCatalog" name="test_catalog_returns_scenarios_languages_difficulties" time="0.241" /><testcase classname="backend.tests.backend_test.TestAuth" name="test_register_returns_token_and_user" time="0.351" /><testcase classname="backend.tests.backend_test.TestAuth" name="test_admin_login_success" time="0.338" /><testcase classname="backend.tests.backend_test.TestAuth" name="test_login_wrong_password_returns_401" time="0.328" /><testcase classname="backend.tests.backend_test.TestAuth" name="test_me_with_bearer_token" time="0.112" /><testcase classname="backend.tests.backend_test.TestAuth" name="test_me_without_token_returns_401" time="0.110" /><testcase classname="backend.tests.backend_test.TestSessionFlow" name="test_start_session_seeds_opener" time="0.112" /><testcase classname="backend.tests.backend_test.TestSessionFlow" name="test_start_session_invalid_scenario" time="0.099" /><testcase classname="backend.tests.backend_test.TestSessionFlow" name="test_chat_send_returns_claude_reply" time="2.367" /><testcase classname="backend.tests.backend_test.TestSessionFlow" name="test_chat_send_persists_messages" time="0.110" /><testcase classname="backend.tests.backend_test.TestSessionFlow" name="test_list_sessions" time="0.104" /><testcase classname="backend.tests.backend_test.TestSessionFlow" name="test_end_session_generates_feedback" time="6.319" /><testcase classname="backend.tests.backend_test.TestVoice" name="test_tts_returns_mp3" time="1.580" /><testcase classname="backend.tests.backend_test.TestVoice" name="test_transcribe_accepts_wav" time="0.827" /><testcase classname="backend.tests.backend_test.TestStats" name="test_stats_me" time="0.199" /><testcase classname="backend.tests.backend_test.TestCustomScenarios" name="test_create_custom_returns_id_no_underscore_id" time="0.107" /><testcase classname="backend.tests.backend_test.TestCustomScenarios" name="test_list_custom_user_isolation" time="0.585" /><testcase classname="backend.tests.backend_test.TestCustomScenarios" name="test_get_single_custom" time="0.116" /><testcase classname="backend.tests.backend_test.TestCustomScenarios" name="test_second_user_cannot_delete_first_user_custom" time="0.100" /><testcase classname="backend.tests.backend_test.TestCustomScenarios" name="test_start_session_with_custom_id" time="0.106" /><testcase classname="backend.tests.backend_test.TestCustomScenarios" name="test_chat_send_in_custom_session" time="2.380" /><testcase classname="backend.tests.backend_test.TestCustomScenarios" name="test_end_custom_session_feedback" time="7.039" /><testcase classname="backend.tests.backend_test.TestCustomScenarios" name="test_delete_custom_by_owner" time="0.272" /><testcase classname="backend.tests.backend_test.TestPronunciation" name="test_pronunciation_silent_audio_low_accuracy" time="1.951" /><testcase classname="backend.tests.backend_test.TestPronunciation" name="test_pronunciation_matching_tts_high_accuracy" time="2.817" /></testsuite></testsuites>