<?xml version="1.0" encoding="utf-8"?><testsuites name="pytest tests"><testsuite name="pytest" errors="0" failures="0" skipped="0" tests="15" time="19.564" timestamp="2026-05-17T13:03:19.448085+00:00" hostname="agent-env-88f3b21b-89ce-4ca1-b6ab-1d201a3ce845"><testcase classname="backend.tests.backend_test.TestCatalog" name="test_catalog_returns_scenarios_languages_difficulties" time="0.217" /><testcase classname="backend.tests.backend_test.TestAuth" name="test_register_returns_token_and_user" time="0.407" /><testcase classname="backend.tests.backend_test.TestAuth" name="test_admin_login_success" time="0.756" /><testcase classname="backend.tests.backend_test.TestAuth" name="test_login_wrong_password_returns_401" time="0.371" /><testcase classname="backend.tests.backend_test.TestAuth" name="test_me_with_bearer_token" time="0.143" /><testcase classname="backend.tests.backend_test.TestAuth" name="test_me_without_token_returns_401" time="0.133" /><testcase classname="backend.tests.backend_test.TestSessionFlow" name="test_start_session_seeds_opener" time="0.103" /><testcase classname="backend.tests.backend_test.TestSessionFlow" name="test_start_session_invalid_scenario" time="0.103" /><testcase classname="backend.tests.backend_test.TestSessionFlow" name="test_chat_send_returns_claude_reply" time="2.697" /><testcase classname="backend.tests.backend_test.TestSessionFlow" name="test_chat_send_persists_messages" time="0.097" /><testcase classname="backend.tests.backend_test.TestSessionFlow" name="test_list_sessions" time="0.114" /><testcase classname="backend.tests.backend_test.TestSessionFlow" name="test_end_session_generates_feedback" time="9.253" /><testcase classname="backend.tests.backend_test.TestVoice" name="test_tts_returns_mp3" time="3.107" /><testcase classname="backend.tests.backend_test.TestVoice" name="test_transcribe_accepts_wav" time="1.875" /><testcase classname="backend.tests.backend_test.TestStats" name="test_stats_me" time="0.100" /></testsuite></testsuites>